<?xml version="1.0" encoding="UTF-8"?>
<testsuite xmlns:xsi="http://www.w3.org/2001/XMLSchema-instance" xsi:noNamespaceSchemaLocation="https://maven.apache.org/surefire/maven-surefire-plugin/xsd/surefire-test-report-3.0.xsd" version="3.0" name="com.example.Eureka_Server_Discovery.EurekaServerDiscoveryApplicationTests" time="4.851" tests="1" errors="0" skipped="0" failures="0">
  <properties>
[...]
</properties>
  <testcase name="contextLoads" classname="com.example.Eureka_Server_Discovery.EurekaServerDiscoveryApplicationTests" time="0.861">
    <system-out><![CDATA[Standard Commons Logging discovery in action with spring-jcl: please remove commons-logging.jar from classpath in order to avoid potential conflicts
21:19:36.136 [main] INFO org.springframework.test.context.support.AnnotationConfigContextLoaderUtils -- Could not detect default configuration classes for test class [com.example.Eureka_Server_Discovery.EurekaServerDiscoveryApplicationTests]: EurekaServerDiscoveryApplicationTests does not declare any static, non-private, non-final, nested classes annotated with @Configuration.
21:19:36.246 [main] INFO org.springframework.boot.test.context.SpringBootTestContextBootstrapper -- Found @SpringBootConfiguration com.example.Eureka_Server_Discovery.EurekaServerDiscoveryApplication for test class com.example.Eureka_Server_Discovery.EurekaServerDiscoveryApplicationTests
21:19:36.440 [main] INFO org.springframework.boot.devtools.restart.RestartApplicationListener -- Restart disabled due to context in which it is running

  .   ____          _            __ _ _
 /\\ / ___'_ __ _ _(_)_ __  __ _ \ \ \ \
( ( )\___ | '_ | '_| | '_ \/ _` | \ \ \ \
 \\/  ___)| |_)| | | | | || (_| |  ) ) ) )
  '  |____| .__|_| |_|_| |_\__, | / / / /
 =========|_|==============|___/=/_/_/_/
 :: Spring Boot ::                (v3.2.5)

2024-05-28T21:19:36.709+01:00  INFO 25060 --- [Eureka_Server_Discovery] [           main] .E.EurekaServerDiscoveryApplicationTests : Starting EurekaServerDiscoveryApplicationTests using Java 21.0.2 with PID 25060 (started by cr249 in C:\Users\cr249\Desktop\2ºSemestre 23-24\ASD\Microserviços\Eureka_Server_Discovery)
2024-05-28T21:19:36.711+01:00  INFO 25060 --- [Eureka_Server_Discovery] [           main] .E.EurekaServerDiscoveryApplicationTests : No active profile set, falling back to 1 default profile: "default"
2024-05-28T21:19:37.779+01:00  INFO 25060 --- [Eureka_Server_Discovery] [           main] o.s.cloud.context.scope.GenericScope     : BeanFactory id=6e64225d-654e-3235-b01c-6985969dd2b2
2024-05-28T21:19:37.856+01:00  WARN 25060 --- [Eureka_Server_Discovery] [           main] trationDelegate$BeanPostProcessorChecker : Bean 'org.springframework.cloud.client.loadbalancer.LoadBalancerAutoConfiguration$DeferringLoadBalancerInterceptorConfig' of type [org.springframework.cloud.client.loadbalancer.LoadBalancerAutoConfiguration$DeferringLoadBalancerInterceptorConfig] is not eligible for getting processed by all BeanPostProcessors (for example: not eligible for auto-proxying). The currently created BeanPostProcessor [lbRestClientPostProcessor] is declared through a non-static factory method on that class; consider declaring it as static instead.
2024-05-28T21:19:37.858+01:00  WARN 25060 --- [Eureka_Server_Discovery] [           main] trationDelegate$BeanPostProcessorChecker : Bean 'deferringLoadBalancerInterceptor' of type [org.springframework.cloud.client.loadbalancer.DeferringLoadBalancerInterceptor] is not eligible for getting processed by all BeanPostProcessors (for example: not eligible for auto-proxying). Is this bean getting eagerly injected into a currently created BeanPostProcessor [lbRestClientPostProcessor]? Check the corresponding BeanPostProcessor declaration and its dependencies.
2024-05-28T21:19:39.047+01:00  WARN 25060 --- [Eureka_Server_Discovery] [           main] iguration$LoadBalancerCaffeineWarnLogger : Spring Cloud LoadBalancer is currently working with the default cache. While this cache implementation is useful for development and tests, it's recommended to use Caffeine cache in production.You can switch to using Caffeine cache, by adding it and org.springframework.cache.caffeine.CaffeineCacheManager to the classpath.
2024-05-28T21:19:39.258+01:00  INFO 25060 --- [Eureka_Server_Discovery] [           main] o.s.c.n.eureka.InstanceInfoFactory       : Setting initial instance status as: STARTING
2024-05-28T21:19:39.292+01:00  INFO 25060 --- [Eureka_Server_Discovery] [           main] com.netflix.discovery.DiscoveryClient    : Initializing Eureka in region us-east-1
2024-05-28T21:19:39.294+01:00  INFO 25060 --- [Eureka_Server_Discovery] [           main] com.netflix.discovery.DiscoveryClient    : Client configured to neither register nor query for data.
2024-05-28T21:19:39.323+01:00  INFO 25060 --- [Eureka_Server_Discovery] [           main] com.netflix.discovery.DiscoveryClient    : Discovery Client initialized at timestamp 1716927579321 with initial instances count: 0
2024-05-28T21:19:39.372+01:00  INFO 25060 --- [Eureka_Server_Discovery] [           main] c.n.eureka.DefaultEurekaServerContext    : Initializing ...
2024-05-28T21:19:39.374+01:00  INFO 25060 --- [Eureka_Server_Discovery] [           main] c.n.eureka.cluster.PeerEurekaNodes       : Adding new peer nodes [http://localhost:8761/eureka/]
2024-05-28T21:19:39.576+01:00  INFO 25060 --- [Eureka_Server_Discovery] [           main] c.n.d.provider.DiscoveryJerseyProvider   : Using JSON encoding codec LegacyJacksonJson
2024-05-28T21:19:39.576+01:00  INFO 25060 --- [Eureka_Server_Discovery] [           main] c.n.d.provider.DiscoveryJerseyProvider   : Using JSON decoding codec LegacyJacksonJson
2024-05-28T21:19:39.576+01:00  INFO 25060 --- [Eureka_Server_Discovery] [           main] c.n.d.provider.DiscoveryJerseyProvider   : Using XML encoding codec XStreamXml
2024-05-28T21:19:39.576+01:00  INFO 25060 --- [Eureka_Server_Discovery] [           main] c.n.d.provider.DiscoveryJerseyProvider   : Using XML decoding codec XStreamXml
2024-05-28T21:19:39.745+01:00  INFO 25060 --- [Eureka_Server_Discovery] [           main] c.n.eureka.cluster.PeerEurekaNodes       : Replica node URL:  http://localhost:8761/eureka/
2024-05-28T21:19:39.752+01:00  INFO 25060 --- [Eureka_Server_Discovery] [           main] c.n.e.registry.AbstractInstanceRegistry  : Finished initializing remote region registries. All known remote regions: []
2024-05-28T21:19:39.752+01:00  INFO 25060 --- [Eureka_Server_Discovery] [           main] c.n.eureka.DefaultEurekaServerContext    : Initialized
2024-05-28T21:19:39.828+01:00  INFO 25060 --- [Eureka_Server_Discovery] [           main] o.s.b.a.e.web.EndpointLinksResolver      : Exposing 1 endpoint(s) beneath base path '/actuator'
2024-05-28T21:19:39.876+01:00  INFO 25060 --- [Eureka_Server_Discovery] [           main] o.s.c.n.e.s.EurekaServiceRegistry        : Registering application EUREKA_SERVER_DISCOVERY with eureka with status UP
2024-05-28T21:19:39.890+01:00  INFO 25060 --- [Eureka_Server_Discovery] [      Thread-11] o.s.c.n.e.server.EurekaServerBootstrap   : isAws returned false
2024-05-28T21:19:39.892+01:00  INFO 25060 --- [Eureka_Server_Discovery] [      Thread-11] o.s.c.n.e.server.EurekaServerBootstrap   : Initialized server context
2024-05-28T21:19:39.892+01:00  INFO 25060 --- [Eureka_Server_Discovery] [      Thread-11] c.n.e.r.PeerAwareInstanceRegistryImpl    : Got 1 instances from neighboring DS node
2024-05-28T21:19:39.892+01:00  INFO 25060 --- [Eureka_Server_Discovery] [           main] .E.EurekaServerDiscoveryApplicationTests : Started EurekaServerDiscoveryApplicationTests in 3.471 seconds (process running for 4.473)
2024-05-28T21:19:39.892+01:00  INFO 25060 --- [Eureka_Server_Discovery] [      Thread-11] c.n.e.r.PeerAwareInstanceRegistryImpl    : Renew threshold is: 1
2024-05-28T21:19:39.892+01:00  INFO 25060 --- [Eureka_Server_Discovery] [      Thread-11] c.n.e.r.PeerAwareInstanceRegistryImpl    : Changing status to UP
2024-05-28T21:19:39.902+01:00  INFO 25060 --- [Eureka_Server_Discovery] [      Thread-11] e.s.EurekaServerInitializerConfiguration : Started Eureka Server
]]></system-out>
    <system-err><![CDATA[WARNING: A Java agent has been loaded dynamically (C:\Users\cr249\.m2\repository\net\bytebuddy\byte-buddy-agent\1.14.13\byte-buddy-agent-1.14.13.jar)
WARNING: If a serviceability tool is in use, please run with -XX:+EnableDynamicAgentLoading to hide this warning
WARNING: If a serviceability tool is not in use, please run with -Djdk.instrument.traceUsage for more information
WARNING: Dynamic loading of agents will be disallowed by default in a future release
]]></system-err>
  </testcase>
</testsuite>